\BOOKMARK [0][-]{chapter.1}{Introduction}{}% 1
\BOOKMARK [0][-]{chapter.2}{LAMMPS}{}% 2
\BOOKMARK [1][-]{section.2.1}{Installation}{chapter.2}% 3
\BOOKMARK [2][-]{subsection.2.1.1}{Linux}{section.2.1}% 4
\BOOKMARK [2][-]{subsection.2.1.2}{Mac OS X with Homebrew}{section.2.1}% 5
\BOOKMARK [2][-]{subsection.2.1.3}{Windows}{section.2.1}% 6
\BOOKMARK [1][-]{section.2.2}{Running LAMMPS}{chapter.2}% 7
\BOOKMARK [1][-]{section.2.3}{Creating a custom compute}{chapter.2}% 8
\BOOKMARK [2][-]{subsection.2.3.1}{Find a similar compute}{section.2.3}% 9
\BOOKMARK [2][-]{subsection.2.3.2}{Creating the class}{section.2.3}% 10
\BOOKMARK [0][-]{chapter.3}{Setting up the system}{}% 11
\BOOKMARK [1][-]{section.3.1}{Silica}{chapter.3}% 12
\BOOKMARK [2][-]{subsection.3.1.1}{Unit cell of -cristobalite}{section.3.1}% 13
\BOOKMARK [1][-]{section.3.2}{Building a crystal}{chapter.3}% 14
\BOOKMARK [1][-]{section.3.3}{Shaping the silica}{chapter.3}% 15
\BOOKMARK [0][-]{chapter.4}{This must be sorted in designated chapters}{}% 16
\BOOKMARK [1][-]{section.4.1}{Radial distribution of normal force}{chapter.4}% 17
\BOOKMARK [0][-]{appendix.A}{Source code}{}% 18
\BOOKMARK [1][-]{section.A.1}{compute\137group\137group.h}{appendix.A}% 19
\BOOKMARK [1][-]{section.A.2}{compute\137group\137group\137atom.h}{appendix.A}% 20
\BOOKMARK [1][-]{section.A.3}{compute\137group\137group\137atom.cpp}{appendix.A}% 21
